Arguments: 
  C:\Program Files\nodejs\node.exe C:\Users\Steffe Mech\AppData\Roaming\npm\node_modules\yarn\bin\yarn.js

PATH: 
  C:\Python39\Scripts\;C:\Python39\;C:\Windows\system32;C:\Windows;C:\Windows\System32\Wbem;C:\Windows\System32\WindowsPowerShell\v1.0\;C:\Windows\System32\OpenSSH\;C:\Program Files\Intel\WiFi\bin\;C:\Program Files\Common Files\Intel\WirelessCommon\;C:\Program Files\NVIDIA Corporation\NVIDIA NvDLISR;C:\Program Files (x86)\NVIDIA Corporation\PhysX\Common;C:\Program Files\nodejs;C:\ProgramData\chocolatey\bin;C:\Program Files\flutter;C:\Program Files\Git\cmd;C:\Program Files\nodejs\;C:\Users\Steffe Mech\AppData\Local\Microsoft\WindowsApps;C:\Program Files\Intel\WiFi\bin\;C:\Program Files\Common Files\Intel\WirelessCommon\;C:\Program Files\JetBrains\WebStorm 2020.2.3\New folder\WebStorm 2020.2.3\bin;;C:\Users\Steffe Mech\AppData\Local\Programs\Microsoft VS Code\bin;C:\Users\Steffe Mech\AppData\Roaming\npm

Yarn version: 
  1.22.11

Node version: 
  14.17.4

Platform: 
  win32 x64

Trace: 
  Error: EPERM: operation not permitted, unlink 'C:\Users\Steffe Mech\Desktop\YouTubeClone\YouTubeClone\node_modules\@babel\preset-typescript\lib'

npm manifest: 
  {
    "main": "node_modules/expo/AppEntry.js",
    "scripts": {
      "start": "expo start",
      "android": "expo start --android",
      "ios": "expo start --ios",
      "web": "expo start --web",
      "eject": "expo eject"
    },
    "dependencies": {
      "@react-native-async-storage/async-storage": "^1.15.5",
      "@react-native-community/masked-view": "0.1.10",
      "@react-navigation/bottom-tabs": "^5.11.11",
      "@react-navigation/native": "^5.9.4",
      "@react-navigation/stack": "^5.14.5",
      "axios": "^0.21.1",
      "expo": "~42.0.1",
      "expo-av": "~9.2.3",
      "expo-status-bar": "~1.0.4",
      "react": "16.13.1",
      "react-dom": "16.13.1",
      "react-native": "https://github.com/expo/react-native/archive/sdk-42.0.0.tar.gz",
      "react-native-gesture-handler": "~1.10.2",
      "react-native-music-control": "^1.4.0",
      "react-native-orientation": "^3.1.3",
      "react-native-reanimated": "~2.2.0",
      "react-native-safe-area-context": "3.2.0",
      "react-native-screens": "~3.4.0",
      "react-native-unimodules": "^0.14.6",
      "react-native-video": "^5.1.1",
      "react-native-video-players": "^1.0.6",
      "react-native-web": "~0.13.12"
    },
    "devDependencies": {
      "@babel/core": "^7.9.0",
      "@react-native-community/eslint-config": "^3.0.0",
      "eslint": "^7.31.0",
      "prettier": "^2.3.2"
    },
    "private": true
  }

yarn manifest: 
  No manifest

Lockfile: 
  No lockfile
